==41612== NVPROF is profiling process 41612, command: ./main_nocdp
==41612== Warning: Profiling results might be incorrect with current version of nvcc compiler used to compile cuda app. Compile with nvcc compiler 9.0 or later version to get correct profiling results. Ignore this warning if code is already compiled with the recommended nvcc version 
==41612== Profiling application: ./main_nocdp
==41612== Profiling result:
            Type  Time(%)      Time     Calls       Avg       Min       Max  Name
 GPU activities:   49.96%  19.958ms       320  62.368us  61.219us  64.195us  batch_matmul_1_1_2048_512_kernel(void*, void*, void*)
                   35.15%  14.040ms       150  93.602us  87.748us  102.18us  batch_matmul_1_1_16384_512_kernel(void*, void*, void*)
                   11.59%  4.6291ms         6  771.51us  1.7920us  3.7156ms  [CUDA memcpy HtoD]
                    2.24%  893.28us       150  5.9550us  5.8560us  12.736us  [CUDA memcpy DtoH]
                    1.06%  424.75us       160  2.6540us  2.5600us  4.4160us  lstm_cell_kernel(float*, float*, float*, float*, float*, float*, float*, int, int)
                    0.01%  2.7520us         2  1.3760us  1.0240us  1.7280us  [CUDA memset]
      API calls:   86.62%  350.27ms        11  31.843ms  3.2430us  349.44ms  cudaMalloc
                   11.15%  45.097ms       156  289.08us  10.925us  3.7549ms  cudaMemcpy
                    0.98%  3.9533ms       630  6.2750us  4.4260us  75.250us  cudaLaunchKernel
                    0.33%  1.3183ms         9  146.48us  3.8790us  425.03us  cudaFree
                    0.31%  1.2435ms         1  1.2435ms  1.2435ms  1.2435ms  cuDeviceTotalMem
                    0.29%  1.1550ms        96  12.031us     200ns  532.41us  cuDeviceGetAttribute
                    0.28%  1.1515ms         2  575.76us  4.4160us  1.1471ms  cudaEventSynchronize
                    0.04%  142.25us         1  142.25us  142.25us  142.25us  cuDeviceGetName
                    0.00%  17.946us         2  8.9730us  2.9610us  14.985us  cudaMemset
                    0.00%  17.905us         2  8.9520us     943ns  16.962us  cudaEventCreate
                    0.00%  14.475us         4  3.6180us  2.8600us  5.2460us  cudaEventRecord
                    0.00%  3.7920us         2  1.8960us  1.6320us  2.1600us  cudaEventElapsedTime
                    0.00%  3.5870us         3  1.1950us     403ns  2.5670us  cuDeviceGetCount
                    0.00%  3.4850us         1  3.4850us  3.4850us  3.4850us  cuDeviceGetPCIBusId
                    0.00%  2.7220us         2  1.3610us     517ns  2.2050us  cudaEventDestroy
                    0.00%  1.6830us         2     841ns     396ns  1.2870us  cuDeviceGet
                    0.00%     377ns         1     377ns     377ns     377ns  cuDeviceGetUuid
