==7507== NVPROF is profiling process 7507, command: ./main
==7507== Warning: Profiling results might be incorrect with current version of nvcc compiler used to compile cuda app. Compile with nvcc compiler 9.0 or later version to get correct profiling results. Ignore this warning if code is already compiled with the recommended nvcc version 
==7507== Profiling application: ./main
==7507== Profiling result:
            Type  Time(%)      Time  Calls (host)  Calls (device)       Avg       Min       Max  Name
 GPU activities:   33.72%  5.0173ms            20              30  100.35us  95.844us  107.88us  batch_matmul_1_1_2048_512_kernel(void*, void*, void*)
                   26.55%  3.9502ms             0              15  263.35us  255.92us  266.60us  batch_matmul_1_1_16384_512_kernel(void*, void*, void*)
                   25.97%  3.8642ms             6               -  644.03us  1.7600us  3.0288ms  [CUDA memcpy HtoD]
                   12.12%  1.8029ms             1               0  1.8029ms  1.8029ms  1.8029ms  seq2seq_decode(float*, float*, float*, float*, float*, float*, float*, float*, float*, float*, float*, int, int, int, int, int, int)
                    1.05%  156.84us            10              15  6.2730us  2.5600us  9.9850us  lstm_cell_kernel(float*, float*, float*, float*, float*, float*, float*, int, int)
                    0.58%  85.635us             1               -  85.635us  85.635us  85.635us  [CUDA memcpy DtoH]
                    0.02%  2.5280us             2               -  1.2640us  1.0240us  1.5040us  [CUDA memset]
      API calls:   95.56%  392.44ms             1               -  392.44ms  392.44ms  392.44ms  cudaMallocHost
                    2.26%  9.2729ms             3               -  3.0910ms  5.1210us  7.4212ms  cudaEventSynchronize
                    1.04%  4.2766ms             7               -  610.94us  10.238us  3.0431ms  cudaMemcpy
                    0.37%  1.5081ms            96               -  15.709us     205ns  693.97us  cuDeviceGetAttribute
                    0.26%  1.0553ms            11               -  95.935us  5.2560us  277.67us  cudaMalloc
                    0.21%  842.12us             1               -  842.12us  842.12us  842.12us  cuDeviceTotalMem
                    0.20%  808.75us             9               -  89.861us  3.6590us  286.89us  cudaFree
                    0.08%  315.47us            31               -  10.176us  4.6360us  95.760us  cudaLaunchKernel
                    0.03%  103.13us             1               -  103.13us  103.13us  103.13us  cuDeviceGetName
                    0.01%  21.805us             2               -  10.902us  3.8540us  17.951us  cudaMemset
                    0.00%  18.966us             6               -  3.1610us  2.3120us  5.6520us  cudaEventRecord
                    0.00%  14.374us             2               -  7.1870us  1.0740us  13.300us  cudaEventCreate
                    0.00%  6.2940us             3               -  2.0980us  1.2780us  3.4350us  cudaEventElapsedTime
                    0.00%  3.5980us             1               -  3.5980us  3.5980us  3.5980us  cuDeviceGetPCIBusId
                    0.00%  3.5050us             3               -  1.1680us     372ns  2.7500us  cuDeviceGetCount
                    0.00%  2.5820us             2               -  1.2910us     495ns  2.0870us  cudaEventDestroy
                    0.00%  1.0690us             2               -     534ns     196ns     873ns  cuDeviceGet
                    0.00%     397ns             1               -     397ns     397ns     397ns  cuDeviceGetUuid
